<?xml version="1.0" encoding="UTF-8"?>
<!-- Generated by org.testng.reporters.JUnitXMLReporter -->
<testsuite ignored="4" hostname="DESKTOP-E7BQ14H" failures="0" tests="1" name="TestNG" time="6.449" errors="0" timestamp="2025-03-19T22:02:38 EET">
  <testcase classname="DemoTestNG.Alerts_tests" name="testNormalMessageBox" time="1.146"/>
  <testcase classname="DemoTestNG.Alerts_tests" name="testPromptBox" time="0.0">
    <ignored/>
  </testcase> <!-- testPromptBox -->
  <testcase classname="DemoTestNG.Alerts_tests" name="testAutoClose" time="0.0">
    <ignored/>
  </testcase> <!-- testAutoClose -->
  <testcase classname="DemoTestNG.Alerts_tests" name="testDefaultAlert" time="0.0">
    <ignored/>
  </testcase> <!-- testDefaultAlert -->
  <testcase classname="DemoTestNG.Alerts_tests" name="testConfirmBox" time="0.0">
    <ignored/>
  </testcase> <!-- testConfirmBox -->
</testsuite> <!-- TestNG -->
