<?xml version="1.0" encoding="UTF-8"?>
<!-- Generated by org.testng.reporters.JUnitXMLReporter -->
<testsuite ignored="13" hostname="DESKTOP-E7BQ14H" failures="0" tests="1" name="TestNG" time="5.687" errors="0" timestamp="2025-03-18T17:40:24 EET">
  <testcase classname="DemoTestNG.XpathFunctions" name="testAncestors" time="2.48"/>
  <testcase classname="DemoTestNG.XpathFunctions" name="testFOllowingSibling" time="0.0">
    <ignored/>
  </testcase> <!-- testFOllowingSibling -->
  <testcase classname="DemoTestNG.XpathFunctions" name="testChainedXpath" time="0.0">
    <ignored/>
  </testcase> <!-- testChainedXpath -->
  <testcase classname="DemoTestNG.XpathFunctions" name="testFOllowing" time="0.0">
    <ignored/>
  </testcase> <!-- testFOllowing -->
  <testcase classname="DemoTestNG.XpathFunctions" name="testContainsFunc" time="0.0">
    <ignored/>
  </testcase> <!-- testContainsFunc -->
  <testcase classname="DemoTestNG.XpathFunctions" name="testParent" time="0.0">
    <ignored/>
  </testcase> <!-- testParent -->
  <testcase classname="DemoTestNG.XpathFunctions" name="testTextFunc" time="0.0">
    <ignored/>
  </testcase> <!-- testTextFunc -->
  <testcase classname="DemoTestNG.XpathFunctions" name="testStartWithFunc" time="0.0">
    <ignored/>
  </testcase> <!-- testStartWithFunc -->
  <testcase classname="DemoTestNG.XpathFunctions" name="testLogicalOperators" time="0.0">
    <ignored/>
  </testcase> <!-- testLogicalOperators -->
  <testcase classname="DemoTestNG.XpathFunctions" name="testChild" time="0.0">
    <ignored/>
  </testcase> <!-- testChild -->
  <testcase classname="DemoTestNG.XpathFunctions" name="testIndexFunc" time="0.0">
    <ignored/>
  </testcase> <!-- testIndexFunc -->
  <testcase classname="DemoTestNG.XpathFunctions" name="testprecedingSibling" time="0.0">
    <ignored/>
  </testcase> <!-- testprecedingSibling -->
  <testcase classname="DemoTestNG.XpathFunctions" name="testPreceding" time="0.0">
    <ignored/>
  </testcase> <!-- testPreceding -->
  <testcase classname="DemoTestNG.XpathFunctions" name="testDescendant" time="0.0">
    <ignored/>
  </testcase> <!-- testDescendant -->
</testsuite> <!-- TestNG -->
