<?xml version="1.0" encoding="UTF-8"?>
<testng-results ignored="0" total="1" passed="1" failed="0" skipped="0">
  <reporter-output>
  </reporter-output>
  <suite started-at="2025-03-18T17:40:19 EET" name="Default Suite" finished-at="2025-03-18T17:40:24 EET" duration-ms="5687">
    <groups>
    </groups>
    <test started-at="2025-03-18T17:40:19 EET" name="TestNG" finished-at="2025-03-18T17:40:24 EET" duration-ms="5687">
      <class name="DemoTestNG.XpathFunctions">
        <test-method is-config="true" signature="setUp()[pri:0, instance:DemoTestNG.XpathFunctions@6bffbc6d]" started-at="2025-03-18T17:40:19 EET" name="setUp" finished-at="2025-03-18T17:40:21 EET" duration-ms="2767" status="PASS">
          <reporter-output>
          </reporter-output>
        </test-method> <!-- setUp -->
        <test-method signature="testAncestors()[pri:0, instance:DemoTestNG.XpathFunctions@6bffbc6d]" started-at="2025-03-18T17:40:21 EET" name="testAncestors" finished-at="2025-03-18T17:40:24 EET" duration-ms="2480" status="PASS">
          <reporter-output>
          </reporter-output>
        </test-method> <!-- testAncestors -->
        <test-method is-config="true" signature="tearDown()[pri:0, instance:DemoTestNG.XpathFunctions@6bffbc6d]" started-at="2025-03-18T17:40:24 EET" name="tearDown" finished-at="2025-03-18T17:40:24 EET" duration-ms="387" status="PASS">
          <reporter-output>
          </reporter-output>
        </test-method> <!-- tearDown -->
      </class> <!-- DemoTestNG.XpathFunctions -->
    </test> <!-- TestNG -->
  </suite> <!-- Default Suite -->
</testng-results>
