<?xml version="1.0" encoding="UTF-8"?>
<testng-results ignored="0" total="1" passed="1" failed="0" skipped="0">
  <reporter-output>
  </reporter-output>
  <suite started-at="2025-03-11T20:04:23 EET" name="Default Suite" finished-at="2025-03-11T20:04:28 EET" duration-ms="5593">
    <groups>
    </groups>
    <test started-at="2025-03-11T20:04:23 EET" name="TestNG" finished-at="2025-03-11T20:04:28 EET" duration-ms="5593">
      <class name="DemoTestNG.JavascriptExecutorAndCSSSelector">
        <test-method is-config="true" signature="setUp()[pri:0, instance:DemoTestNG.JavascriptExecutorAndCSSSelector@554e218]" started-at="2025-03-11T20:04:23 EET" name="setUp" finished-at="2025-03-11T20:04:25 EET" duration-ms="2735" status="PASS">
          <reporter-output>
          </reporter-output>
        </test-method> <!-- setUp -->
        <test-method signature="test1()[pri:0, instance:DemoTestNG.JavascriptExecutorAndCSSSelector@554e218]" started-at="2025-03-11T20:04:25 EET" name="test1" finished-at="2025-03-11T20:04:28 EET" duration-ms="2563" status="PASS">
          <reporter-output>
          </reporter-output>
        </test-method> <!-- test1 -->
        <test-method is-config="true" signature="tearDown()[pri:0, instance:DemoTestNG.JavascriptExecutorAndCSSSelector@554e218]" started-at="2025-03-11T20:04:28 EET" name="tearDown" finished-at="2025-03-11T20:04:28 EET" duration-ms="262" status="PASS">
          <reporter-output>
          </reporter-output>
        </test-method> <!-- tearDown -->
      </class> <!-- DemoTestNG.JavascriptExecutorAndCSSSelector -->
    </test> <!-- TestNG -->
  </suite> <!-- Default Suite -->
</testng-results>
